<?xml version="1.0" encoding="UTF-8"?>
<!-- Generated by org.testng.reporters.JUnitReportReporter -->
<testsuite skipped="0" hostname="lenovo-PC" name="DynamicJson" tests="3" failures="0" timestamp="10 Dec 2020 19:28:45 GMT" time="6.384" errors="0">
  <testcase name="addbook" time="0.395" classname="DynamicJson"/>
  <testcase name="addbook" time="4.790" classname="DynamicJson"/>
  <testcase name="addbook" time="1.199" classname="DynamicJson"/>
</testsuite> <!-- DynamicJson -->
